{"synthetic": false,
 "schemaVersion": "2025-09-10",
 "outputs":
 {"o": ["58310c93fbe3f132.olean"],
  "i": "3b1e4c576d4f88ea.ilean",
  "c": "a584a95a74df8c96.c"},
 "log":
 [{"message":
   ".> LEAN_PATH=/home/daniel/DanielDavalos93.github.io/.lake/packages/MD4Lean/.lake/build/lib/lean:/home/daniel/DanielDavalos93.github.io/.lake/packages/BibtexQuery/.lake/build/lib/lean:/home/daniel/DanielDavalos93.github.io/.lake/packages/UnicodeBasic/.lake/build/lib/lean:/home/daniel/DanielDavalos93.github.io/.lake/packages/leansqlite/.lake/build/lib/lean:/home/daniel/DanielDavalos93.github.io/.lake/packages/Cli/.lake/build/lib/lean:/home/daniel/DanielDavalos93.github.io/.lake/packages/batteries/.lake/build/lib/lean:/home/daniel/DanielDavalos93.github.io/.lake/packages/Qq/.lake/build/lib/lean:/home/daniel/DanielDavalos93.github.io/.lake/packages/aesop/.lake/build/lib/lean:/home/daniel/DanielDavalos93.github.io/.lake/packages/proofwidgets/.lake/build/lib/lean:/home/daniel/DanielDavalos93.github.io/.lake/packages/importGraph/.lake/build/lib/lean:/home/daniel/DanielDavalos93.github.io/.lake/packages/LeanSearchClient/.lake/build/lib/lean:/home/daniel/DanielDavalos93.github.io/.lake/packages/plausible/.lake/build/lib/lean:/home/daniel/DanielDavalos93.github.io/.lake/packages/checkdecls/.lake/build/lib/lean:/home/daniel/DanielDavalos93.github.io/.lake/packages/doc-gen4/.lake/build/lib/lean:/home/daniel/DanielDavalos93.github.io/.lake/packages/mathlib/.lake/build/lib/lean:/home/daniel/DanielDavalos93.github.io/.lake/build/lib/lean /home/daniel/.elan/toolchains/leanprover--lean4---v4.29.1/bin/lean /home/daniel/DanielDavalos93.github.io/PetriNet/Equivalence.lean -o /home/daniel/DanielDavalos93.github.io/.lake/build/lib/lean/PetriNet/Equivalence.olean -i /home/daniel/DanielDavalos93.github.io/.lake/build/lib/lean/PetriNet/Equivalence.ilean -c /home/daniel/DanielDavalos93.github.io/.lake/build/ir/PetriNet/Equivalence.c --setup /home/daniel/DanielDavalos93.github.io/.lake/build/ir/PetriNet/Equivalence.setup.json --json",
   "level": "trace"}],
 "inputs":
 [["PetriNet.Equivalence:deps",
   [["deps",
     [["petri_net/PetriNet:extraDep",
       [["@petri_net:extraDep", "00000000000006bb"]]],
      ["imports",
       [["PetriNet.ReversibleOccurrence transitive imports (legacy)",
         "e57a01e214a86e38"],
        ["PetriNet.ReversibleOccurrence:importAllArts", "8676f72f628d795c"],
        ["PetriNet.Swapping transitive imports (legacy)", "6ab9e72e48e9aca5"],
        ["PetriNet.Swapping:importAllArts", "45e3c9ecf03694be"]]]]],
    ["libs",
     [["import dynlibs", "00000000000006bb"],
      ["package external libraries", "00000000000006bb"],
      ["module dynlibs", "00000000000006bb"],
      ["module plugins", "00000000000006bb"]]]]],
  ["Lean 4.29.1, commit f72c35b3f637c8c6571d353742168ab66cc22c00",
   "fa77a35a41db35c0"],
  ["/home/daniel/DanielDavalos93.github.io/PetriNet/Equivalence.lean",
   "79f824a79b8f0e96"],
  ["options", "00000000000006bb"],
  ["isModule: false", "feefd2a0d3a1847e"],
  ["Module.name: PetriNet.Equivalence", "bd54324c4ff4cd73"],
  ["Package.id?: (some petri_net)", "d70365ead0eb84c7"],
  ["Module.leanArgs: #[]", "00000000000006bb"]],
 "depHash": "b0f2e0f02b0998a7"}