{"synthetic": false,
 "schemaVersion": "2025-09-10",
 "outputs":
 {"o": ["2fc197f34d0bfeba.olean"],
  "i": "1b43bb5dc9d7fa94.ilean",
  "c": "93a4e4b34bf76f32.c"},
 "log":
 [{"message":
   ".> LEAN_PATH=/home/daniel/DanielDavalos93.github.io/.lake/packages/MD4Lean/.lake/build/lib/lean:/home/daniel/DanielDavalos93.github.io/.lake/packages/BibtexQuery/.lake/build/lib/lean:/home/daniel/DanielDavalos93.github.io/.lake/packages/UnicodeBasic/.lake/build/lib/lean:/home/daniel/DanielDavalos93.github.io/.lake/packages/leansqlite/.lake/build/lib/lean:/home/daniel/DanielDavalos93.github.io/.lake/packages/Cli/.lake/build/lib/lean:/home/daniel/DanielDavalos93.github.io/.lake/packages/batteries/.lake/build/lib/lean:/home/daniel/DanielDavalos93.github.io/.lake/packages/Qq/.lake/build/lib/lean:/home/daniel/DanielDavalos93.github.io/.lake/packages/aesop/.lake/build/lib/lean:/home/daniel/DanielDavalos93.github.io/.lake/packages/proofwidgets/.lake/build/lib/lean:/home/daniel/DanielDavalos93.github.io/.lake/packages/importGraph/.lake/build/lib/lean:/home/daniel/DanielDavalos93.github.io/.lake/packages/LeanSearchClient/.lake/build/lib/lean:/home/daniel/DanielDavalos93.github.io/.lake/packages/plausible/.lake/build/lib/lean:/home/daniel/DanielDavalos93.github.io/.lake/packages/checkdecls/.lake/build/lib/lean:/home/daniel/DanielDavalos93.github.io/.lake/packages/doc-gen4/.lake/build/lib/lean:/home/daniel/DanielDavalos93.github.io/.lake/packages/mathlib/.lake/build/lib/lean:/home/daniel/DanielDavalos93.github.io/.lake/build/lib/lean /home/daniel/.elan/toolchains/leanprover--lean4---v4.29.1/bin/lean /home/daniel/DanielDavalos93.github.io/PetriNet/MultisetAux.lean -o /home/daniel/DanielDavalos93.github.io/.lake/build/lib/lean/PetriNet/MultisetAux.olean -i /home/daniel/DanielDavalos93.github.io/.lake/build/lib/lean/PetriNet/MultisetAux.ilean -c /home/daniel/DanielDavalos93.github.io/.lake/build/ir/PetriNet/MultisetAux.c --setup /home/daniel/DanielDavalos93.github.io/.lake/build/ir/PetriNet/MultisetAux.setup.json --json",
   "level": "trace"}],
 "inputs":
 [["PetriNet.MultisetAux:deps",
   [["deps",
     [["petri_net/PetriNet:extraDep",
       [["@petri_net:extraDep", "00000000000006bb"]]],
      ["imports",
       [["Mathlib.Data.Multiset.UnionInter transitive imports (legacy)",
         "8566a510f61ebfe4"],
        ["Mathlib.Data.Multiset.UnionInter:importAllArts", "4e17fabe2673268c"],
        ["Mathlib.Data.Multiset.AddSub transitive imports (legacy)",
         "82c3a9cf7263ce19"],
        ["Mathlib.Data.Multiset.AddSub:importAllArts", "76db51a3c26635eb"],
        ["Mathlib.Data.Multiset.Defs transitive imports (legacy)",
         "7f0e56eaf6d2b6b4"],
        ["Mathlib.Data.Multiset.Defs:importAllArts", "c625c77c1a62b865"],
        ["Mathlib.Data.Multiset.Basic transitive imports (legacy)",
         "adec9a7c00b2db0d"],
        ["Mathlib.Data.Multiset.Basic:importAllArts", "70c955b05ef20529"],
        ["Mathlib.Data.Finset.Basic transitive imports (legacy)",
         "9d291d8cc1faea19"],
        ["Mathlib.Data.Finset.Basic:importAllArts", "19dc6347cf1c7240"]]]]],
    ["libs",
     [["import dynlibs", "00000000000006bb"],
      ["package external libraries", "00000000000006bb"],
      ["module dynlibs", "00000000000006bb"],
      ["module plugins", "00000000000006bb"]]]]],
  ["Lean 4.29.1, commit f72c35b3f637c8c6571d353742168ab66cc22c00",
   "fa77a35a41db35c0"],
  ["/home/daniel/DanielDavalos93.github.io/PetriNet/MultisetAux.lean",
   "e870d674ec0373de"],
  ["options", "00000000000006bb"],
  ["isModule: false", "feefd2a0d3a1847e"],
  ["Module.name: PetriNet.MultisetAux", "20dbb31c968faa64"],
  ["Package.id?: (some petri_net)", "d70365ead0eb84c7"],
  ["Module.leanArgs: #[]", "00000000000006bb"]],
 "depHash": "de61fd6af2c017d4"}