{"synthetic": false,
 "schemaVersion": "2025-09-10",
 "outputs":
 {"o": ["62aa44a52d641691.olean"],
  "i": "b47d1b0d8df92309.ilean",
  "c": "7651049617e21f32.c"},
 "log":
 [{"message":
   ".> LEAN_PATH=/home/daniel/DanielDavalos93.github.io/.lake/packages/MD4Lean/.lake/build/lib/lean:/home/daniel/DanielDavalos93.github.io/.lake/packages/BibtexQuery/.lake/build/lib/lean:/home/daniel/DanielDavalos93.github.io/.lake/packages/UnicodeBasic/.lake/build/lib/lean:/home/daniel/DanielDavalos93.github.io/.lake/packages/leansqlite/.lake/build/lib/lean:/home/daniel/DanielDavalos93.github.io/.lake/packages/Cli/.lake/build/lib/lean:/home/daniel/DanielDavalos93.github.io/.lake/packages/batteries/.lake/build/lib/lean:/home/daniel/DanielDavalos93.github.io/.lake/packages/Qq/.lake/build/lib/lean:/home/daniel/DanielDavalos93.github.io/.lake/packages/aesop/.lake/build/lib/lean:/home/daniel/DanielDavalos93.github.io/.lake/packages/proofwidgets/.lake/build/lib/lean:/home/daniel/DanielDavalos93.github.io/.lake/packages/importGraph/.lake/build/lib/lean:/home/daniel/DanielDavalos93.github.io/.lake/packages/LeanSearchClient/.lake/build/lib/lean:/home/daniel/DanielDavalos93.github.io/.lake/packages/plausible/.lake/build/lib/lean:/home/daniel/DanielDavalos93.github.io/.lake/packages/checkdecls/.lake/build/lib/lean:/home/daniel/DanielDavalos93.github.io/.lake/packages/doc-gen4/.lake/build/lib/lean:/home/daniel/DanielDavalos93.github.io/.lake/packages/mathlib/.lake/build/lib/lean:/home/daniel/DanielDavalos93.github.io/.lake/build/lib/lean /home/daniel/.elan/toolchains/leanprover--lean4---v4.29.1/bin/lean /home/daniel/DanielDavalos93.github.io/PetriNet/Nets.lean -o /home/daniel/DanielDavalos93.github.io/.lake/build/lib/lean/PetriNet/Nets.olean -i /home/daniel/DanielDavalos93.github.io/.lake/build/lib/lean/PetriNet/Nets.ilean -c /home/daniel/DanielDavalos93.github.io/.lake/build/ir/PetriNet/Nets.c --setup /home/daniel/DanielDavalos93.github.io/.lake/build/ir/PetriNet/Nets.setup.json --json",
   "level": "trace"},
  {"message":
   "PetriNet/Nets.lean:70:0: { pre := pre, post := post, cons_prod := cons_prod } : Net Pl Tr",
   "level": "info"}],
 "inputs":
 [["PetriNet.Nets:deps",
   [["deps",
     [["petri_net/PetriNet:extraDep",
       [["@petri_net:extraDep", "00000000000006bb"]]],
      ["imports",
       [["Mathlib.Data.Set.Basic transitive imports (legacy)",
         "2dd692451123feb1"],
        ["Mathlib.Data.Set.Basic:importAllArts", "a5ff3f3342ebb697"],
        ["Mathlib.Data.Rel transitive imports (legacy)", "cb97e0f54a446a72"],
        ["Mathlib.Data.Rel:importAllArts", "6f64203ad667ad81"],
        ["Mathlib.Data.Finset.Basic transitive imports (legacy)",
         "f45156902b3bef6c"],
        ["Mathlib.Data.Finset.Basic:importAllArts", "19dc6347cf1c7240"],
        ["Mathlib.Data.Multiset.Basic transitive imports (legacy)",
         "887b39341303894e"],
        ["Mathlib.Data.Multiset.Basic:importAllArts", "70c955b05ef20529"],
        ["PetriNet.MultisetAux transitive imports (legacy)",
         "09246b7f9297aa96"],
        ["PetriNet.MultisetAux:importAllArts", "1fe4c8ff56524013"]]]]],
    ["libs",
     [["import dynlibs", "00000000000006bb"],
      ["package external libraries", "00000000000006bb"],
      ["module dynlibs", "00000000000006bb"],
      ["module plugins", "00000000000006bb"]]]]],
  ["Lean 4.29.1, commit f72c35b3f637c8c6571d353742168ab66cc22c00",
   "fa77a35a41db35c0"],
  ["/home/daniel/DanielDavalos93.github.io/PetriNet/Nets.lean",
   "73151e740195087a"],
  ["options", "00000000000006bb"],
  ["isModule: false", "feefd2a0d3a1847e"],
  ["Module.name: PetriNet.Nets", "974d94979bc2ab5d"],
  ["Package.id?: (some petri_net)", "d70365ead0eb84c7"],
  ["Module.leanArgs: #[]", "00000000000006bb"]],
 "depHash": "8d7bea2fdd4ea7e6"}