{"synthetic": false,
 "schemaVersion": "2025-09-10",
 "outputs":
 {"o": ["5e53f91bd9194dbf.olean"],
  "i": "e6c98de03d064e85.ilean",
  "c": "6bda86c140761ee4.c"},
 "log":
 [{"message":
   ".> LEAN_PATH=/home/daniel/DanielDavalos93.github.io/.lake/packages/MD4Lean/.lake/build/lib/lean:/home/daniel/DanielDavalos93.github.io/.lake/packages/BibtexQuery/.lake/build/lib/lean:/home/daniel/DanielDavalos93.github.io/.lake/packages/UnicodeBasic/.lake/build/lib/lean:/home/daniel/DanielDavalos93.github.io/.lake/packages/leansqlite/.lake/build/lib/lean:/home/daniel/DanielDavalos93.github.io/.lake/packages/Cli/.lake/build/lib/lean:/home/daniel/DanielDavalos93.github.io/.lake/packages/batteries/.lake/build/lib/lean:/home/daniel/DanielDavalos93.github.io/.lake/packages/Qq/.lake/build/lib/lean:/home/daniel/DanielDavalos93.github.io/.lake/packages/aesop/.lake/build/lib/lean:/home/daniel/DanielDavalos93.github.io/.lake/packages/proofwidgets/.lake/build/lib/lean:/home/daniel/DanielDavalos93.github.io/.lake/packages/importGraph/.lake/build/lib/lean:/home/daniel/DanielDavalos93.github.io/.lake/packages/LeanSearchClient/.lake/build/lib/lean:/home/daniel/DanielDavalos93.github.io/.lake/packages/plausible/.lake/build/lib/lean:/home/daniel/DanielDavalos93.github.io/.lake/packages/checkdecls/.lake/build/lib/lean:/home/daniel/DanielDavalos93.github.io/.lake/packages/doc-gen4/.lake/build/lib/lean:/home/daniel/DanielDavalos93.github.io/.lake/packages/mathlib/.lake/build/lib/lean:/home/daniel/DanielDavalos93.github.io/.lake/build/lib/lean /home/daniel/.elan/toolchains/leanprover--lean4---v4.29.1/bin/lean /home/daniel/DanielDavalos93.github.io/PetriNet/Occurrence.lean -o /home/daniel/DanielDavalos93.github.io/.lake/build/lib/lean/PetriNet/Occurrence.olean -i /home/daniel/DanielDavalos93.github.io/.lake/build/lib/lean/PetriNet/Occurrence.ilean -c /home/daniel/DanielDavalos93.github.io/.lake/build/ir/PetriNet/Occurrence.c --setup /home/daniel/DanielDavalos93.github.io/.lake/build/ir/PetriNet/Occurrence.setup.json --json",
   "level": "trace"}],
 "inputs":
 [["PetriNet.Occurrence:deps",
   [["deps",
     [["petri_net/PetriNet:extraDep",
       [["@petri_net:extraDep", "00000000000006bb"]]],
      ["imports",
       [["PetriNet.Nets transitive imports (legacy)", "107b6aec62047784"],
        ["PetriNet.Nets:importAllArts", "a05439e1b6ddde13"],
        ["PetriNet.MultisetAux transitive imports (legacy)",
         "7f8d83c942ebca50"],
        ["PetriNet.MultisetAux:importAllArts", "1fe4c8ff56524013"],
        ["Mathlib.Data.Set.Disjoint transitive imports (legacy)",
         "37dc40ad26d79dc5"],
        ["Mathlib.Data.Set.Disjoint:importAllArts", "f1e14c5262409324"],
        ["Mathlib.Logic.Relation transitive imports (legacy)",
         "6669ae1f31ea5743"],
        ["Mathlib.Logic.Relation:importAllArts", "063aa750f5dce883"],
        ["Mathlib.Data.Multiset.Basic transitive imports (legacy)",
         "adec9a7c00b2db0d"],
        ["Mathlib.Data.Multiset.Basic:importAllArts", "70c955b05ef20529"]]]]],
    ["libs",
     [["import dynlibs", "00000000000006bb"],
      ["package external libraries", "00000000000006bb"],
      ["module dynlibs", "00000000000006bb"],
      ["module plugins", "00000000000006bb"]]]]],
  ["Lean 4.29.1, commit f72c35b3f637c8c6571d353742168ab66cc22c00",
   "fa77a35a41db35c0"],
  ["/home/daniel/DanielDavalos93.github.io/PetriNet/Occurrence.lean",
   "7b2b511f63c70a92"],
  ["options", "00000000000006bb"],
  ["isModule: false", "feefd2a0d3a1847e"],
  ["Module.name: PetriNet.Occurrence", "1c01a297641dd739"],
  ["Package.id?: (some petri_net)", "d70365ead0eb84c7"],
  ["Module.leanArgs: #[]", "00000000000006bb"]],
 "depHash": "a30bc54c97e236a5"}