{"synthetic": false,
 "schemaVersion": "2025-09-10",
 "outputs":
 {"o": ["a3adfb022f889d46.olean"],
  "i": "7fbad64c350ca6e5.ilean",
  "c": "6b114ce9e929a66e.c"},
 "log":
 [{"message":
   ".> LEAN_PATH=/home/daniel/DanielDavalos93.github.io/.lake/packages/MD4Lean/.lake/build/lib/lean:/home/daniel/DanielDavalos93.github.io/.lake/packages/BibtexQuery/.lake/build/lib/lean:/home/daniel/DanielDavalos93.github.io/.lake/packages/UnicodeBasic/.lake/build/lib/lean:/home/daniel/DanielDavalos93.github.io/.lake/packages/leansqlite/.lake/build/lib/lean:/home/daniel/DanielDavalos93.github.io/.lake/packages/Cli/.lake/build/lib/lean:/home/daniel/DanielDavalos93.github.io/.lake/packages/batteries/.lake/build/lib/lean:/home/daniel/DanielDavalos93.github.io/.lake/packages/Qq/.lake/build/lib/lean:/home/daniel/DanielDavalos93.github.io/.lake/packages/aesop/.lake/build/lib/lean:/home/daniel/DanielDavalos93.github.io/.lake/packages/proofwidgets/.lake/build/lib/lean:/home/daniel/DanielDavalos93.github.io/.lake/packages/importGraph/.lake/build/lib/lean:/home/daniel/DanielDavalos93.github.io/.lake/packages/LeanSearchClient/.lake/build/lib/lean:/home/daniel/DanielDavalos93.github.io/.lake/packages/plausible/.lake/build/lib/lean:/home/daniel/DanielDavalos93.github.io/.lake/packages/checkdecls/.lake/build/lib/lean:/home/daniel/DanielDavalos93.github.io/.lake/packages/doc-gen4/.lake/build/lib/lean:/home/daniel/DanielDavalos93.github.io/.lake/packages/mathlib/.lake/build/lib/lean:/home/daniel/DanielDavalos93.github.io/.lake/build/lib/lean /home/daniel/.elan/toolchains/leanprover--lean4---v4.29.1/bin/lean /home/daniel/DanielDavalos93.github.io/PetriNet/Parabolic.lean -o /home/daniel/DanielDavalos93.github.io/.lake/build/lib/lean/PetriNet/Parabolic.olean -i /home/daniel/DanielDavalos93.github.io/.lake/build/lib/lean/PetriNet/Parabolic.ilean -c /home/daniel/DanielDavalos93.github.io/.lake/build/ir/PetriNet/Parabolic.c --setup /home/daniel/DanielDavalos93.github.io/.lake/build/ir/PetriNet/Parabolic.setup.json --json",
   "level": "trace"}],
 "inputs":
 [["PetriNet.Parabolic:deps",
   [["deps",
     [["petri_net/PetriNet:extraDep",
       [["@petri_net:extraDep", "00000000000006bb"]]],
      ["imports",
       [["PetriNet.Equivalence transitive imports (legacy)",
         "af898b84e08ea6d3"],
        ["PetriNet.Equivalence:importAllArts", "a2e2f64f8ef2ca91"],
        ["PetriNet.ReversibleOccurrence transitive imports (legacy)",
         "6dc13377308d664f"],
        ["PetriNet.ReversibleOccurrence:importAllArts", "8676f72f628d795c"]]]]],
    ["libs",
     [["import dynlibs", "00000000000006bb"],
      ["package external libraries", "00000000000006bb"],
      ["module dynlibs", "00000000000006bb"],
      ["module plugins", "00000000000006bb"]]]]],
  ["Lean 4.29.1, commit f72c35b3f637c8c6571d353742168ab66cc22c00",
   "fa77a35a41db35c0"],
  ["/home/daniel/DanielDavalos93.github.io/PetriNet/Parabolic.lean",
   "637d33182efde4a4"],
  ["options", "00000000000006bb"],
  ["isModule: false", "feefd2a0d3a1847e"],
  ["Module.name: PetriNet.Parabolic", "77689ef38dd65a5f"],
  ["Package.id?: (some petri_net)", "d70365ead0eb84c7"],
  ["Module.leanArgs: #[]", "00000000000006bb"]],
 "depHash": "0b15120c84ea3218"}