{"synthetic": false,
 "schemaVersion": "2025-09-10",
 "outputs":
 {"o": ["08a4b068fda6950e.olean"],
  "i": "f89d537ff72b6d2f.ilean",
  "c": "a42b8a625e38416c.c"},
 "log":
 [{"message":
   ".> LEAN_PATH=/home/daniel/DanielDavalos93.github.io/.lake/packages/MD4Lean/.lake/build/lib/lean:/home/daniel/DanielDavalos93.github.io/.lake/packages/BibtexQuery/.lake/build/lib/lean:/home/daniel/DanielDavalos93.github.io/.lake/packages/UnicodeBasic/.lake/build/lib/lean:/home/daniel/DanielDavalos93.github.io/.lake/packages/leansqlite/.lake/build/lib/lean:/home/daniel/DanielDavalos93.github.io/.lake/packages/Cli/.lake/build/lib/lean:/home/daniel/DanielDavalos93.github.io/.lake/packages/batteries/.lake/build/lib/lean:/home/daniel/DanielDavalos93.github.io/.lake/packages/Qq/.lake/build/lib/lean:/home/daniel/DanielDavalos93.github.io/.lake/packages/aesop/.lake/build/lib/lean:/home/daniel/DanielDavalos93.github.io/.lake/packages/proofwidgets/.lake/build/lib/lean:/home/daniel/DanielDavalos93.github.io/.lake/packages/importGraph/.lake/build/lib/lean:/home/daniel/DanielDavalos93.github.io/.lake/packages/LeanSearchClient/.lake/build/lib/lean:/home/daniel/DanielDavalos93.github.io/.lake/packages/plausible/.lake/build/lib/lean:/home/daniel/DanielDavalos93.github.io/.lake/packages/checkdecls/.lake/build/lib/lean:/home/daniel/DanielDavalos93.github.io/.lake/packages/doc-gen4/.lake/build/lib/lean:/home/daniel/DanielDavalos93.github.io/.lake/packages/mathlib/.lake/build/lib/lean:/home/daniel/DanielDavalos93.github.io/.lake/build/lib/lean /home/daniel/.elan/toolchains/leanprover--lean4---v4.29.1/bin/lean /home/daniel/DanielDavalos93.github.io/PetriNet/Swapping.lean -o /home/daniel/DanielDavalos93.github.io/.lake/build/lib/lean/PetriNet/Swapping.olean -i /home/daniel/DanielDavalos93.github.io/.lake/build/lib/lean/PetriNet/Swapping.ilean -c /home/daniel/DanielDavalos93.github.io/.lake/build/ir/PetriNet/Swapping.c --setup /home/daniel/DanielDavalos93.github.io/.lake/build/ir/PetriNet/Swapping.setup.json --json",
   "level": "trace"}],
 "inputs":
 [["PetriNet.Swapping:deps",
   [["deps",
     [["petri_net/PetriNet:extraDep",
       [["@petri_net:extraDep", "00000000000006bb"]]],
      ["imports",
       [["PetriNet.ReversibleOccurrence transitive imports (legacy)",
         "6dc13377308d664f"],
        ["PetriNet.ReversibleOccurrence:importAllArts", "8676f72f628d795c"],
        ["PetriNet.MultisetAux transitive imports (legacy)",
         "09246b7f9297aa96"],
        ["PetriNet.MultisetAux:importAllArts", "1fe4c8ff56524013"]]]]],
    ["libs",
     [["import dynlibs", "00000000000006bb"],
      ["package external libraries", "00000000000006bb"],
      ["module dynlibs", "00000000000006bb"],
      ["module plugins", "00000000000006bb"]]]]],
  ["Lean 4.29.1, commit f72c35b3f637c8c6571d353742168ab66cc22c00",
   "fa77a35a41db35c0"],
  ["/home/daniel/DanielDavalos93.github.io/PetriNet/Swapping.lean",
   "89e4129162006d38"],
  ["options", "00000000000006bb"],
  ["isModule: false", "feefd2a0d3a1847e"],
  ["Module.name: PetriNet.Swapping", "ab3af6d36b1b989f"],
  ["Package.id?: (some petri_net)", "d70365ead0eb84c7"],
  ["Module.leanArgs: #[]", "00000000000006bb"]],
 "depHash": "06b9510077097fb6"}