{"synthetic": false,
 "schemaVersion": "2025-09-10",
 "outputs":
 {"o": ["a9d8ca14462d626f.olean"],
  "i": "86a2368e26397f81.ilean",
  "c": "bbab89f553ce71d2.c"},
 "log":
 [{"message":
   ".> LEAN_PATH=/home/daniel/DanielDavalos93.github.io/.lake/packages/MD4Lean/.lake/build/lib/lean:/home/daniel/DanielDavalos93.github.io/.lake/packages/BibtexQuery/.lake/build/lib/lean:/home/daniel/DanielDavalos93.github.io/.lake/packages/UnicodeBasic/.lake/build/lib/lean:/home/daniel/DanielDavalos93.github.io/.lake/packages/leansqlite/.lake/build/lib/lean:/home/daniel/DanielDavalos93.github.io/.lake/packages/Cli/.lake/build/lib/lean:/home/daniel/DanielDavalos93.github.io/.lake/packages/batteries/.lake/build/lib/lean:/home/daniel/DanielDavalos93.github.io/.lake/packages/Qq/.lake/build/lib/lean:/home/daniel/DanielDavalos93.github.io/.lake/packages/aesop/.lake/build/lib/lean:/home/daniel/DanielDavalos93.github.io/.lake/packages/proofwidgets/.lake/build/lib/lean:/home/daniel/DanielDavalos93.github.io/.lake/packages/importGraph/.lake/build/lib/lean:/home/daniel/DanielDavalos93.github.io/.lake/packages/LeanSearchClient/.lake/build/lib/lean:/home/daniel/DanielDavalos93.github.io/.lake/packages/plausible/.lake/build/lib/lean:/home/daniel/DanielDavalos93.github.io/.lake/packages/checkdecls/.lake/build/lib/lean:/home/daniel/DanielDavalos93.github.io/.lake/packages/doc-gen4/.lake/build/lib/lean:/home/daniel/DanielDavalos93.github.io/.lake/packages/mathlib/.lake/build/lib/lean:/home/daniel/DanielDavalos93.github.io/.lake/build/lib/lean /home/daniel/.elan/toolchains/leanprover--lean4---v4.29.1/bin/lean /home/daniel/DanielDavalos93.github.io/PetriNet.lean -o /home/daniel/DanielDavalos93.github.io/.lake/build/lib/lean/PetriNet.olean -i /home/daniel/DanielDavalos93.github.io/.lake/build/lib/lean/PetriNet.ilean -c /home/daniel/DanielDavalos93.github.io/.lake/build/ir/PetriNet.c --setup /home/daniel/DanielDavalos93.github.io/.lake/build/ir/PetriNet.setup.json --json",
   "level": "trace"}],
 "inputs":
 [["PetriNet:deps",
   [["deps",
     [["petri_net/PetriNet:extraDep",
       [["@petri_net:extraDep", "00000000000006bb"]]],
      ["imports",
       [["PetriNet.Equivalence transitive imports (legacy)",
         "af898b84e08ea6d3"],
        ["PetriNet.Equivalence:importAllArts", "a2e2f64f8ef2ca91"],
        ["PetriNet.MultisetAux transitive imports (legacy)",
         "09246b7f9297aa96"],
        ["PetriNet.MultisetAux:importAllArts", "1fe4c8ff56524013"],
        ["PetriNet.Nets transitive imports (legacy)", "d785a87ed51767a6"],
        ["PetriNet.Nets:importAllArts", "a05439e1b6ddde13"],
        ["PetriNet.Occurrence transitive imports (legacy)", "f0f9514ee79eaca4"],
        ["PetriNet.Occurrence:importAllArts", "de7336195115c616"],
        ["PetriNet.Parabolic transitive imports (legacy)", "eb9c64d0b46a7b73"],
        ["PetriNet.Parabolic:importAllArts", "69662ceaa47da32a"],
        ["PetriNet.ReversibleOccurrence transitive imports (legacy)",
         "6dc13377308d664f"],
        ["PetriNet.ReversibleOccurrence:importAllArts", "8676f72f628d795c"],
        ["PetriNet.Swapping transitive imports (legacy)", "9b8a6bddce037dbe"],
        ["PetriNet.Swapping:importAllArts", "45e3c9ecf03694be"]]]]],
    ["libs",
     [["import dynlibs", "00000000000006bb"],
      ["package external libraries", "00000000000006bb"],
      ["module dynlibs", "00000000000006bb"],
      ["module plugins", "00000000000006bb"]]]]],
  ["Lean 4.29.1, commit f72c35b3f637c8c6571d353742168ab66cc22c00",
   "fa77a35a41db35c0"],
  ["/home/daniel/DanielDavalos93.github.io/PetriNet.lean", "ba6b77268b6c8e52"],
  ["options", "00000000000006bb"],
  ["isModule: false", "feefd2a0d3a1847e"],
  ["Module.name: PetriNet", "daffe115917babb0"],
  ["Package.id?: (some petri_net)", "d70365ead0eb84c7"],
  ["Module.leanArgs: #[]", "00000000000006bb"]],
 "depHash": "644544b561dde0a2"}